
   PASS  Tests\Unit\ExampleTest
  Γ£ô that true is true                                                                                                                                                                                                                        0.01s  

   FAIL  Tests\Unit\TransactionAmountValidationTest
  Γ¿» amount validation                                                                                                                                                                                                                        0.27s  

   PASS  Tests\Unit\ZakatCalculatorTest
  Γ£ô hitung zakat maal
  Γ£ô hitung zakat fitrah
  Γ£ô cek nishab

   PASS  Tests\Feature\Auth\AuthenticationTest
  Γ£ô login screen can be rendered                                                                                                                                                                                                             0.25s  
  Γ£ô users can authenticate using the login screen                                                                                                                                                                                            0.08s  
  Γ£ô users can not authenticate with invalid password                                                                                                                                                                                         0.24s  
  Γ£ô users can logout                                                                                                                                                                                                                         0.02s  

   PASS  Tests\Feature\Auth\EmailVerificationTest
  Γ£ô email verification screen can be rendered                                                                                                                                                                                                0.03s  
  Γ£ô email can be verified                                                                                                                                                                                                                    0.03s  
  Γ£ô email is not verified with invalid hash                                                                                                                                                                                                  0.03s  

   PASS  Tests\Feature\Auth\PasswordConfirmationTest
  Γ£ô confirm password screen can be rendered                                                                                                                                                                                                  0.03s  
  Γ£ô password can be confirmed                                                                                                                                                                                                                0.02s  
  Γ£ô password is not confirmed with invalid password                                                                                                                                                                                          0.24s  

   PASS  Tests\Feature\Auth\PasswordResetTest
  Γ£ô reset password link screen can be rendered                                                                                                                                                                                               0.03s  
  Γ£ô reset password link can be requested                                                                                                                                                                                                     0.24s  
  Γ£ô reset password screen can be rendered                                                                                                                                                                                                    0.23s  
  Γ£ô password can be reset with valid token                                                                                                                                                                                                   0.24s  

   PASS  Tests\Feature\Auth\PasswordUpdateTest
  Γ£ô password can be updated                                                                                                                                                                                                                  0.03s  
  Γ£ô correct password must be provided to update password                                                                                                                                                                                     0.02s  

   PASS  Tests\Feature\Auth\RegistrationTest
  Γ£ô registration screen can be rendered                                                                                                                                                                                                      0.02s  
  Γ£ô new users can register                                                                                                                                                                                                                   0.02s  

   PASS  Tests\Feature\ExampleTest
  Γ£ô the application returns a successful response                                                                                                                                                                                            0.02s  

   PASS  Tests\Feature\ProfileTest
  Γ£ô profile page is displayed                                                                                                                                                                                                                0.03s  
  Γ£ô profile information can be updated                                                                                                                                                                                                       0.03s  
  Γ£ô email verification status is unchanged when the email address is unchanged                                                                                                                                                               0.02s  
  Γ£ô user can delete their account                                                                                                                                                                                                            0.02s  
  Γ£ô correct password must be provided to delete account                                                                                                                                                                                      0.02s  

   PASS  Tests\Feature\Transaction\TransactionTest
  Γ£ô bendahara can create valid transaction                                                                                                                                                                                                   0.04s  
  Γ£ô transaction amount zero rejected                                                                                                                                                                                                         0.03s  
  Γ£ô petugas cannot create out transaction                                                                                                                                                                                                    0.02s  

   FAIL  Tests\Feature\Tromol\TromolQrTest
  Γ¿» signed url valid can be accessed                                                                                                                                                                                                         0.04s  
  Γ£ô unsigned url rejected                                                                                                                                                                                                                    0.03s  
  Γ£ô inactive tromol rejected                                                                                                                                                                                                                 0.03s  
  ΓöÇΓöÇΓöÇΓöÇΓöÇΓöÇΓöÇΓöÇΓöÇΓöÇΓöÇΓöÇΓöÇΓöÇΓöÇΓöÇΓöÇΓöÇΓöÇΓöÇΓöÇΓöÇΓöÇΓöÇΓöÇΓöÇΓöÇΓöÇΓöÇΓöÇΓöÇΓöÇΓöÇΓöÇΓöÇΓöÇΓöÇΓöÇΓöÇΓöÇΓöÇΓöÇΓöÇΓöÇΓöÇΓöÇΓöÇΓöÇΓöÇΓöÇΓöÇΓöÇΓöÇΓöÇΓöÇΓöÇΓöÇΓöÇΓöÇΓöÇΓöÇΓöÇΓöÇΓöÇΓöÇΓöÇΓöÇΓöÇΓöÇΓöÇΓöÇΓöÇΓöÇΓöÇΓöÇΓöÇΓöÇΓöÇΓöÇΓöÇΓöÇΓöÇΓöÇΓöÇΓöÇΓöÇΓöÇΓöÇΓöÇΓöÇΓöÇΓöÇΓöÇΓöÇΓöÇΓöÇΓöÇΓöÇΓöÇΓöÇΓöÇΓöÇΓöÇΓöÇΓöÇΓöÇΓöÇΓöÇΓöÇΓöÇΓöÇΓöÇΓöÇΓöÇΓöÇΓöÇΓöÇΓöÇΓöÇΓöÇΓöÇΓöÇΓöÇΓöÇΓöÇΓöÇΓöÇΓöÇΓöÇΓöÇΓöÇΓöÇΓöÇΓöÇΓöÇΓöÇΓöÇΓöÇΓöÇΓöÇΓöÇΓöÇΓöÇΓöÇΓöÇΓöÇΓöÇΓöÇΓöÇΓöÇΓöÇΓöÇΓöÇΓöÇΓöÇΓöÇΓöÇΓöÇΓöÇΓöÇΓöÇΓöÇΓöÇΓöÇΓöÇΓöÇΓöÇΓöÇΓöÇΓöÇΓöÇΓöÇΓöÇΓöÇΓöÇΓöÇΓöÇΓöÇΓöÇΓöÇΓöÇΓöÇΓöÇΓöÇΓöÇΓöÇΓöÇΓöÇΓöÇΓöÇΓöÇΓöÇΓöÇΓöÇΓöÇΓöÇΓöÇΓöÇΓöÇΓöÇΓöÇΓöÇΓöÇΓöÇΓöÇΓöÇΓöÇΓöÇΓöÇΓöÇΓöÇΓöÇΓöÇΓöÇΓöÇΓöÇΓöÇΓöÇΓöÇΓöÇΓöÇΓöÇΓöÇΓöÇΓöÇΓöÇΓöÇΓöÇΓöÇΓöÇΓöÇΓöÇΓöÇΓöÇΓöÇΓöÇΓöÇΓöÇΓöÇΓöÇ  
   FAILED  Tests\Unit\TransactionAmountValidationTest > amount validation                                                                                                                                                          ErrorException   
  Attempt to read property "role" on null

  at app\Http\Requests\StoreTransactionRequest.php:24
     20Γûò             'type' => [
     21Γûò                 'required',
     22Γûò                 'in:in,out',
     23Γûò                 function ($attribute, $value, $fail) {
  Γ₧£  24Γûò                     if ($this->user()->role === 'petugas_zakat' && $value === 'out') {
     25Γûò                         $fail('Petugas Zakat tidak boleh mencatat pengeluaran.');
     26Γûò                     }
     27Γûò                 },
     28Γûò             ],

  1   vendor\laravel\framework\src\Illuminate\Validation\ClosureValidationRule.php:62
  2   vendor\laravel\framework\src\Illuminate\Validation\ClosureValidationRule.php:62

  ΓöÇΓöÇΓöÇΓöÇΓöÇΓöÇΓöÇΓöÇΓöÇΓöÇΓöÇΓöÇΓöÇΓöÇΓöÇΓöÇΓöÇΓöÇΓöÇΓöÇΓöÇΓöÇΓöÇΓöÇΓöÇΓöÇΓöÇΓöÇΓöÇΓöÇΓöÇΓöÇΓöÇΓöÇΓöÇΓöÇΓöÇΓöÇΓöÇΓöÇΓöÇΓöÇΓöÇΓöÇΓöÇΓöÇΓöÇΓöÇΓöÇΓöÇΓöÇΓöÇΓöÇΓöÇΓöÇΓöÇΓöÇΓöÇΓöÇΓöÇΓöÇΓöÇΓöÇΓöÇΓöÇΓöÇΓöÇΓöÇΓöÇΓöÇΓöÇΓöÇΓöÇΓöÇΓöÇΓöÇΓöÇΓöÇΓöÇΓöÇΓöÇΓöÇΓöÇΓöÇΓöÇΓöÇΓöÇΓöÇΓöÇΓöÇΓöÇΓöÇΓöÇΓöÇΓöÇΓöÇΓöÇΓöÇΓöÇΓöÇΓöÇΓöÇΓöÇΓöÇΓöÇΓöÇΓöÇΓöÇΓöÇΓöÇΓöÇΓöÇΓöÇΓöÇΓöÇΓöÇΓöÇΓöÇΓöÇΓöÇΓöÇΓöÇΓöÇΓöÇΓöÇΓöÇΓöÇΓöÇΓöÇΓöÇΓöÇΓöÇΓöÇΓöÇΓöÇΓöÇΓöÇΓöÇΓöÇΓöÇΓöÇΓöÇΓöÇΓöÇΓöÇΓöÇΓöÇΓöÇΓöÇΓöÇΓöÇΓöÇΓöÇΓöÇΓöÇΓöÇΓöÇΓöÇΓöÇΓöÇΓöÇΓöÇΓöÇΓöÇΓöÇΓöÇΓöÇΓöÇΓöÇΓöÇΓöÇΓöÇΓöÇΓöÇΓöÇΓöÇΓöÇΓöÇΓöÇΓöÇΓöÇΓöÇΓöÇΓöÇΓöÇΓöÇΓöÇΓöÇΓöÇΓöÇΓöÇΓöÇΓöÇΓöÇΓöÇΓöÇΓöÇΓöÇΓöÇΓöÇΓöÇΓöÇΓöÇΓöÇΓöÇΓöÇΓöÇΓöÇΓöÇΓöÇΓöÇΓöÇΓöÇΓöÇΓöÇΓöÇΓöÇΓöÇΓöÇΓöÇΓöÇΓöÇΓöÇΓöÇΓöÇΓöÇΓöÇΓöÇΓöÇΓöÇΓöÇΓöÇΓöÇΓöÇΓöÇΓöÇΓöÇΓöÇΓöÇΓöÇ  
   FAILED  Tests\Feature\Tromol\TromolQrTest > signed url valid can be accessed                                                                                                                                              AssertionFailedError   
  Inertia page component file [Tromol/Input] does not exist.

  at vendor\inertiajs\inertia-laravel\src\Testing\AssertableInertia.php:112
    108Γûò         if ($shouldExist || (is_null($shouldExist) && config('inertia.testing.ensure_pages_exist', true))) {
    109Γûò             try {
    110Γûò                 app('inertia.testing.view-finder')->find($value);
    111Γûò             } catch (InvalidArgumentException $exception) {
  Γ₧£ 112Γûò                 PHPUnit::fail(sprintf('Inertia page component file [%s] does not exist.', $value));
    113Γûò             }
    114Γûò         }
    115Γûò 
    116Γûò         return $this;

  1   vendor\inertiajs\inertia-laravel\src\Testing\AssertableInertia.php:112
  2   tests\Feature\Tromol\TromolQrTest.php:23


  Tests:    2 failed, 33 passed (92 assertions)
  Duration: 2.70s

